-------------------------------------------------------------------------------
Test set: com.learning.file.upload.with.mysql.FileUploadWithMysqlApplicationTests
-------------------------------------------------------------------------------
Tests run: 1, Failures: 0, Errors: 1, Skipped: 0, Time elapsed: 5.252 s <<< FAILURE! - in com.learning.file.upload.with.mysql.FileUploadWithMysqlApplicationTests
contextLoads  Time elapsed: 0.024 s  <<< ERROR!
java.lang.IllegalStateException: Failed to load ApplicationContext
Caused by: org.springframework.beans.factory.UnsatisfiedDependencyException: Error creating bean with name 'fileUploadController' defined in file [/home/garnnet/Desktop/foundationcode/file-upload-with-mysql/target/classes/com/learning/file/upload/with/mysql/FileUploadController.class]: Unsatisfied dependency expressed through constructor parameter 0; nested exception is org.springframework.beans.factory.UnsatisfiedDependencyException: Error creating bean with name 'fileSystemStorageService' defined in file [/home/garnnet/Desktop/foundationcode/file-upload-with-mysql/target/classes/com/learning/file/upload/with/mysql/storage/FileSystemStorageService.class]: Unsatisfied dependency expressed through constructor parameter 0; nested exception is org.springframework.beans.factory.NoSuchBeanDefinitionException: No qualifying bean of type 'com.learning.file.upload.with.mysql.storage.StorageProperties' available: expected at least 1 bean which qualifies as autowire candidate. Dependency annotations: {}
Caused by: org.springframework.beans.factory.UnsatisfiedDependencyException: Error creating bean with name 'fileSystemStorageService' defined in file [/home/garnnet/Desktop/foundationcode/file-upload-with-mysql/target/classes/com/learning/file/upload/with/mysql/storage/FileSystemStorageService.class]: Unsatisfied dependency expressed through constructor parameter 0; nested exception is org.springframework.beans.factory.NoSuchBeanDefinitionException: No qualifying bean of type 'com.learning.file.upload.with.mysql.storage.StorageProperties' available: expected at least 1 bean which qualifies as autowire candidate. Dependency annotations: {}
Caused by: org.springframework.beans.factory.NoSuchBeanDefinitionException: No qualifying bean of type 'com.learning.file.upload.with.mysql.storage.StorageProperties' available: expected at least 1 bean which qualifies as autowire candidate. Dependency annotations: {}

